[21-Apr-2026 01:14:27 Europe/Berlin] PHP Fatal error:  Uncaught PDOException: SQLSTATE[42S02]: Base table or view not found: 1932 Table 'eduverse_db.schools' doesn't exist in engine in C:\xampp\htdocs\school-portal\test-database.php:70
Stack trace:
#0 C:\xampp\htdocs\school-portal\test-database.php(70): PDO->query('SELECT COUNT(*)...')
#1 {main}
  thrown in C:\xampp\htdocs\school-portal\test-database.php on line 70
[21-Apr-2026 10:01:25 UTC] PHP Warning:  Module "openssl" is already loaded in Unknown on line 0
[21-Apr-2026 10:01:27 UTC] PHP Warning:  Module "openssl" is already loaded in Unknown on line 0
[21-Apr-2026 12:05:09 Europe/Berlin] Database connection failed: SQLSTATE[HY000] [2006] MySQL server has gone away
[21-Apr-2026 14:41:43 UTC] PHP Warning:  Module "openssl" is already loaded in Unknown on line 0
[21-Apr-2026 14:41:45 UTC] PHP Warning:  Module "openssl" is already loaded in Unknown on line 0
[21-Apr-2026 16:42:35 Europe/Berlin] Database connection failed: SQLSTATE[HY000] [1044] Access denied for user 'eduverse_user'@'localhost' to database 'eduverse_db'
[21-Apr-2026 16:42:38 Europe/Berlin] Database connection failed: SQLSTATE[HY000] [1044] Access denied for user 'eduverse_user'@'localhost' to database 'eduverse_db'
[21-Apr-2026 16:42:39 Europe/Berlin] Database connection failed: SQLSTATE[HY000] [1044] Access denied for user 'eduverse_user'@'localhost' to database 'eduverse_db'
[21-Apr-2026 16:42:44 Europe/Berlin] Database connection failed: SQLSTATE[HY000] [1044] Access denied for user 'eduverse_user'@'localhost' to database 'eduverse_db'
[21-Apr-2026 16:42:45 Europe/Berlin] Database connection failed: SQLSTATE[HY000] [1044] Access denied for user 'eduverse_user'@'localhost' to database 'eduverse_db'
[21-Apr-2026 16:42:45 Europe/Berlin] Database connection failed: SQLSTATE[HY000] [1044] Access denied for user 'eduverse_user'@'localhost' to database 'eduverse_db'
[21-Apr-2026 16:42:46 Europe/Berlin] Database connection failed: SQLSTATE[HY000] [1044] Access denied for user 'eduverse_user'@'localhost' to database 'eduverse_db'
[21-Apr-2026 16:42:47 Europe/Berlin] Database connection failed: SQLSTATE[HY000] [1044] Access denied for user 'eduverse_user'@'localhost' to database 'eduverse_db'
[21-Apr-2026 16:42:47 Europe/Berlin] Database connection failed: SQLSTATE[HY000] [1044] Access denied for user 'eduverse_user'@'localhost' to database 'eduverse_db'
[21-Apr-2026 16:42:48 Europe/Berlin] Database connection failed: SQLSTATE[HY000] [1044] Access denied for user 'eduverse_user'@'localhost' to database 'eduverse_db'
[21-Apr-2026 16:42:48 Europe/Berlin] Database connection failed: SQLSTATE[HY000] [1044] Access denied for user 'eduverse_user'@'localhost' to database 'eduverse_db'
[21-Apr-2026 16:42:48 Europe/Berlin] Database connection failed: SQLSTATE[HY000] [1044] Access denied for user 'eduverse_user'@'localhost' to database 'eduverse_db'
[21-Apr-2026 16:42:49 Europe/Berlin] Database connection failed: SQLSTATE[HY000] [1044] Access denied for user 'eduverse_user'@'localhost' to database 'eduverse_db'
[21-Apr-2026 16:42:49 Europe/Berlin] Database connection failed: SQLSTATE[HY000] [1044] Access denied for user 'eduverse_user'@'localhost' to database 'eduverse_db'
[21-Apr-2026 16:42:49 Europe/Berlin] Database connection failed: SQLSTATE[HY000] [1044] Access denied for user 'eduverse_user'@'localhost' to database 'eduverse_db'
[21-Apr-2026 16:42:50 Europe/Berlin] Database connection failed: SQLSTATE[HY000] [1044] Access denied for user 'eduverse_user'@'localhost' to database 'eduverse_db'
[21-Apr-2026 16:42:50 Europe/Berlin] Database connection failed: SQLSTATE[HY000] [1044] Access denied for user 'eduverse_user'@'localhost' to database 'eduverse_db'
[21-Apr-2026 16:42:50 Europe/Berlin] Database connection failed: SQLSTATE[HY000] [1044] Access denied for user 'eduverse_user'@'localhost' to database 'eduverse_db'
[21-Apr-2026 16:42:50 Europe/Berlin] Database connection failed: SQLSTATE[HY000] [1044] Access denied for user 'eduverse_user'@'localhost' to database 'eduverse_db'
[21-Apr-2026 16:42:50 Europe/Berlin] Database connection failed: SQLSTATE[HY000] [1044] Access denied for user 'eduverse_user'@'localhost' to database 'eduverse_db'
[21-Apr-2026 16:43:00 Europe/Berlin] Database connection failed: SQLSTATE[HY000] [1044] Access denied for user 'eduverse_user'@'localhost' to database 'eduverse_db'
[21-Apr-2026 14:45:08 UTC] PHP Warning:  Module "openssl" is already loaded in Unknown on line 0
[21-Apr-2026 14:45:08 UTC] PHP Warning:  Module "openssl" is already loaded in Unknown on line 0
[21-Apr-2026 16:45:14 Europe/Berlin] Database connection failed: SQLSTATE[HY000] [1044] Access denied for user 'eduverse_user'@'localhost' to database 'eduverse_db'
[21-Apr-2026 16:45:15 Europe/Berlin] Database connection failed: SQLSTATE[HY000] [1044] Access denied for user 'eduverse_user'@'localhost' to database 'eduverse_db'
[21-Apr-2026 16:45:15 Europe/Berlin] Database connection failed: SQLSTATE[HY000] [1044] Access denied for user 'eduverse_user'@'localhost' to database 'eduverse_db'
[21-Apr-2026 16:45:16 Europe/Berlin] Database connection failed: SQLSTATE[HY000] [1044] Access denied for user 'eduverse_user'@'localhost' to database 'eduverse_db'
[21-Apr-2026 16:45:20 Europe/Berlin] Database connection failed: SQLSTATE[HY000] [1044] Access denied for user 'eduverse_user'@'localhost' to database 'eduverse_db'
[21-Apr-2026 14:45:59 UTC] PHP Warning:  Module "openssl" is already loaded in Unknown on line 0
[21-Apr-2026 14:46:00 UTC] PHP Warning:  Module "openssl" is already loaded in Unknown on line 0
[21-Apr-2026 14:46:08 UTC] PHP Warning:  Module "openssl" is already loaded in Unknown on line 0
[21-Apr-2026 14:46:22 UTC] PHP Warning:  Module "openssl" is already loaded in Unknown on line 0
[21-Apr-2026 14:46:24 UTC] PHP Warning:  Module "openssl" is already loaded in Unknown on line 0
[21-Apr-2026 16:46:46 Europe/Berlin] Database connection failed: SQLSTATE[HY000] [1044] Access denied for user 'eduverse_user'@'localhost' to database 'eduverse_db'
[21-Apr-2026 16:47:22 Europe/Berlin] Database connection failed: SQLSTATE[HY000] [1044] Access denied for user 'eduverse_user'@'localhost' to database 'eduverse_db'
[21-Apr-2026 16:47:42 Europe/Berlin] Database connection failed: SQLSTATE[HY000] [1044] Access denied for user 'eduverse_user'@'localhost' to database 'eduverse_db'
[22-Apr-2026 21:54:49 UTC] PHP Warning:  Module "openssl" is already loaded in Unknown on line 0
[22-Apr-2026 21:54:49 UTC] PHP Warning:  Module "openssl" is already loaded in Unknown on line 0
[22-Apr-2026 23:57:02 Europe/Berlin] Database connection failed: SQLSTATE[HY000] [1044] Access denied for user 'eduverse_user'@'localhost' to database 'eduverse_db'
[22-Apr-2026 23:57:05 Europe/Berlin] Database connection failed: SQLSTATE[HY000] [1044] Access denied for user 'eduverse_user'@'localhost' to database 'eduverse_db'
[22-Apr-2026 22:13:44 UTC] PHP Warning:  Module "openssl" is already loaded in Unknown on line 0
[22-Apr-2026 22:13:45 UTC] PHP Warning:  Module "openssl" is already loaded in Unknown on line 0
[22-Apr-2026 22:13:47 UTC] PHP Warning:  Module "openssl" is already loaded in Unknown on line 0
[22-Apr-2026 22:14:56 UTC] PHP Warning:  Module "openssl" is already loaded in Unknown on line 0
[22-Apr-2026 22:15:23 UTC] PHP Warning:  Module "openssl" is already loaded in Unknown on line 0
[22-Apr-2026 22:16:42 UTC] PHP Warning:  Module "openssl" is already loaded in Unknown on line 0
[23-Apr-2026 00:19:28 Europe/Berlin] PHP Warning:  Undefined variable $classId in C:\xampp\htdocs\school-portal\test-live-class.php on line 67
[23-Apr-2026 00:19:28 Europe/Berlin] PHP Warning:  Undefined variable $roomId in C:\xampp\htdocs\school-portal\test-live-class.php on line 98
[23-Apr-2026 18:46:50 UTC] PHP Warning:  Module "openssl" is already loaded in Unknown on line 0
[23-Apr-2026 18:46:51 UTC] PHP Warning:  Module "openssl" is already loaded in Unknown on line 0
[23-Apr-2026 20:47:05 Europe/Berlin] PHP Parse error:  syntax error, unexpected token "===" in C:\xampp\htdocs\school-portal\php\config.php on line 38
[23-Apr-2026 20:49:49 Europe/Berlin] Login attempt: username=admin, found=yes
[23-Apr-2026 20:49:49 Europe/Berlin] ⚠️ Plain text password matched for: admin
[23-Apr-2026 20:49:49 Europe/Berlin] ✅ Login successful: User=admin, Role=admin, IP=127.0.0.1
[23-Apr-2026 20:50:13 Europe/Berlin] 🔓 Logout: User=admin, Role=admin
